#
# There is insufficient memory for the Java Runtime Environment to continue.
# Native memory allocation (malloc) failed to allocate 21757952 bytes for committing reserved memory.
# Possible reasons:
#   The system is out of physical RAM or swap space
#   In 32 bit mode, the process size limit was hit
# Possible solutions:
#   Reduce memory load on the system
#   Increase physical memory or swap space
#   Check if swap backing store is full
#   Use 64 bit Java on a 64 bit OS
#   Decrease Java heap size (-Xmx/-Xms)
#   Decrease number of Java threads
#   Decrease Java thread stack sizes (-Xss)
#   Set larger code cache with -XX:ReservedCodeCacheSize=
# This output file may be truncated or incomplete.
#
#  Out of Memory Error (os_linux.cpp:2827), pid=28638, tid=140036931327744
#
# JRE version:  (7.0_101) (build )
# Java VM: OpenJDK 64-Bit Server VM (24.95-b01 mixed mode linux-amd64 compressed oops)
# Derivative: IcedTea 2.6.6
# Distribution: Ubuntu 14.04 LTS, package 7u101-2.6.6-0ubuntu0.14.04.1
# Failed to write core dump. Core dumps have been disabled. To enable core dumping, try "ulimit -c unlimited" before starting Java again
#

---------------  T H R E A D  ---------------

Current thread (0x00007f5cdc00a800):  JavaThread "Unknown thread" [_thread_in_vm, id=28639, stack(0x00007f5ce37c1000,0x00007f5ce38c2000)]

Stack: [0x00007f5ce37c1000,0x00007f5ce38c2000],  sp=0x00007f5ce38c00d0,  free space=1020k
Native frames: (J=compiled Java code, j=interpreted, Vv=VM code, C=native code)
V  [libjvm.so+0x955705]
V  [libjvm.so+0x490c44]
V  [libjvm.so+0x7d0c9b]
V  [libjvm.so+0x7cb75f]
V  [libjvm.so+0x9525f4]
V  [libjvm.so+0x568eeb]
V  [libjvm.so+0x435842]
V  [libjvm.so+0x818a1c]
V  [libjvm.so+0x56a224]
V  [libjvm.so+0x55bd9d]
V  [libjvm.so+0x9260f7]
V  [libjvm.so+0x926427]
V  [libjvm.so+0x5a3dc5]
V  [libjvm.so+0x90be4f]
V  [libjvm.so+0x60fb54]  JNI_CreateJavaVM+0x54
C  [libjli.so+0x2b48]


---------------  P R O C E S S  ---------------

Java Threads: ( => current thread )

Other Threads:

=>0x00007f5cdc00a800 (exited) JavaThread "Unknown thread" [_thread_in_vm, id=28639, stack(0x00007f5ce37c1000,0x00007f5ce38c2000)]

VM state:not at safepoint (not fully initialized)

VM Mutex/Monitor currently owned by a thread: None

GC Heap History (0 events):
No events

Deoptimization events (0 events):
No events

Internal exceptions (0 events):
No events

Events (0 events):
No events


Dynamic libraries:
00400000-00401000 r-xp 00000000 fc:00 55173                              /usr/lib/jvm/java-7-openjdk-amd64/jre/bin/java
00600000-00601000 r--p 00000000 fc:00 55173                              /usr/lib/jvm/java-7-openjdk-amd64/jre/bin/java
00601000-00602000 rw-p 00001000 fc:00 55173                              /usr/lib/jvm/java-7-openjdk-amd64/jre/bin/java
00e65000-00e86000 rw-p 00000000 00:00 0                                  [heap]
775a00000-775de0000 rw-p 00000000 00:00 0 
775de0000-7a04a0000 rw-p 00000000 00:00 0 
7a04a0000-7a0c60000 rw-p 00000000 00:00 0 
7a0c60000-7f5a00000 rw-p 00000000 00:00 0 
7f6ec0000-800000000 rw-p 00000000 00:00 0 
7f5cd8bac000-7f5cd8bae000 rw-p 00000000 00:00 0 
7f5cd8bae000-7f5cd8d01000 rw-p 00000000 00:00 0 
7f5cd8d01000-7f5cd8d06000 rw-p 00000000 00:00 0 
7f5cd8d06000-7f5cd8fff000 rw-p 00000000 00:00 0 
7f5cd8fff000-7f5cd9000000 rw-p 00000000 00:00 0 
7f5cd9000000-7f5cd9270000 rwxp 00000000 00:00 0 
7f5cd9270000-7f5cdc025000 rw-p 00000000 00:00 0 
7f5cdc025000-7f5ce0000000 ---p 00000000 00:00 0 
7f5ce0145000-7f5ce0149000 rw-p 00000000 00:00 0 
7f5ce0149000-7f5ce03f0000 rw-p 00000000 00:00 0 
7f5ce03f0000-7f5ce03f8000 r-xp 00000000 fc:00 84469                      /usr/lib/jvm/java-7-openjdk-amd64/jre/lib/amd64/libzip.so
7f5ce03f8000-7f5ce05f7000 ---p 00008000 fc:00 84469                      /usr/lib/jvm/java-7-openjdk-amd64/jre/lib/amd64/libzip.so
7f5ce05f7000-7f5ce05f8000 r--p 00007000 fc:00 84469                      /usr/lib/jvm/java-7-openjdk-amd64/jre/lib/amd64/libzip.so
7f5ce05f8000-7f5ce05f9000 rw-p 00008000 fc:00 84469                      /usr/lib/jvm/java-7-openjdk-amd64/jre/lib/amd64/libzip.so
7f5ce05f9000-7f5ce0604000 r-xp 00000000 fc:00 267378                     /lib/x86_64-linux-gnu/libnss_files-2.19.so
7f5ce0604000-7f5ce0803000 ---p 0000b000 fc:00 267378                     /lib/x86_64-linux-gnu/libnss_files-2.19.so
7f5ce0803000-7f5ce0804000 r--p 0000a000 fc:00 267378                     /lib/x86_64-linux-gnu/libnss_files-2.19.so
7f5ce0804000-7f5ce0805000 rw-p 0000b000 fc:00 267378                     /lib/x86_64-linux-gnu/libnss_files-2.19.so
7f5ce0805000-7f5ce0810000 r-xp 00000000 fc:00 267388                     /lib/x86_64-linux-gnu/libnss_nis-2.19.so
7f5ce0810000-7f5ce0a0f000 ---p 0000b000 fc:00 267388                     /lib/x86_64-linux-gnu/libnss_nis-2.19.so
7f5ce0a0f000-7f5ce0a10000 r--p 0000a000 fc:00 267388                     /lib/x86_64-linux-gnu/libnss_nis-2.19.so
7f5ce0a10000-7f5ce0a11000 rw-p 0000b000 fc:00 267388                     /lib/x86_64-linux-gnu/libnss_nis-2.19.so
7f5ce0a11000-7f5ce0a28000 r-xp 00000000 fc:00 267372                     /lib/x86_64-linux-gnu/libnsl-2.19.so
7f5ce0a28000-7f5ce0c27000 ---p 00017000 fc:00 267372                     /lib/x86_64-linux-gnu/libnsl-2.19.so
7f5ce0c27000-7f5ce0c28000 r--p 00016000 fc:00 267372                     /lib/x86_64-linux-gnu/libnsl-2.19.so
7f5ce0c28000-7f5ce0c29000 rw-p 00017000 fc:00 267372                     /lib/x86_64-linux-gnu/libnsl-2.19.so
7f5ce0c29000-7f5ce0c2b000 rw-p 00000000 00:00 0 
7f5ce0c2b000-7f5ce0c34000 r-xp 00000000 fc:00 267374                     /lib/x86_64-linux-gnu/libnss_compat-2.19.so
7f5ce0c34000-7f5ce0e33000 ---p 00009000 fc:00 267374                     /lib/x86_64-linux-gnu/libnss_compat-2.19.so
7f5ce0e33000-7f5ce0e34000 r--p 00008000 fc:00 267374                     /lib/x86_64-linux-gnu/libnss_compat-2.19.so
7f5ce0e34000-7f5ce0e35000 rw-p 00009000 fc:00 267374                     /lib/x86_64-linux-gnu/libnss_compat-2.19.so
7f5ce0e35000-7f5ce0e60000 r-xp 00000000 fc:00 84455                      /usr/lib/jvm/java-7-openjdk-amd64/jre/lib/amd64/libjava.so
7f5ce0e60000-7f5ce1060000 ---p 0002b000 fc:00 84455                      /usr/lib/jvm/java-7-openjdk-amd64/jre/lib/amd64/libjava.so
7f5ce1060000-7f5ce1061000 r--p 0002b000 fc:00 84455                      /usr/lib/jvm/java-7-openjdk-amd64/jre/lib/amd64/libjava.so
7f5ce1061000-7f5ce1063000 rw-p 0002c000 fc:00 84455                      /usr/lib/jvm/java-7-openjdk-amd64/jre/lib/amd64/libjava.so
7f5ce1063000-7f5ce1073000 r-xp 00000000 fc:00 84456                      /usr/lib/jvm/java-7-openjdk-amd64/jre/lib/amd64/libverify.so
7f5ce1073000-7f5ce1272000 ---p 00010000 fc:00 84456                      /usr/lib/jvm/java-7-openjdk-amd64/jre/lib/amd64/libverify.so
7f5ce1272000-7f5ce1274000 r--p 0000f000 fc:00 84456                      /usr/lib/jvm/java-7-openjdk-amd64/jre/lib/amd64/libverify.so
7f5ce1274000-7f5ce1275000 rw-p 00011000 fc:00 84456                      /usr/lib/jvm/java-7-openjdk-amd64/jre/lib/amd64/libverify.so
7f5ce1275000-7f5ce127c000 r-xp 00000000 fc:00 267431                     /lib/x86_64-linux-gnu/librt-2.19.so
7f5ce127c000-7f5ce147b000 ---p 00007000 fc:00 267431                     /lib/x86_64-linux-gnu/librt-2.19.so
7f5ce147b000-7f5ce147c000 r--p 00006000 fc:00 267431                     /lib/x86_64-linux-gnu/librt-2.19.so
7f5ce147c000-7f5ce147d000 rw-p 00007000 fc:00 267431                     /lib/x86_64-linux-gnu/librt-2.19.so
7f5ce147d000-7f5ce1493000 r-xp 00000000 fc:00 267330                     /lib/x86_64-linux-gnu/libgcc_s.so.1
7f5ce1493000-7f5ce1692000 ---p 00016000 fc:00 267330                     /lib/x86_64-linux-gnu/libgcc_s.so.1
7f5ce1692000-7f5ce1693000 rw-p 00015000 fc:00 267330                     /lib/x86_64-linux-gnu/libgcc_s.so.1
7f5ce1693000-7f5ce1798000 r-xp 00000000 fc:00 267353                     /lib/x86_64-linux-gnu/libm-2.19.so
7f5ce1798000-7f5ce1997000 ---p 00105000 fc:00 267353                     /lib/x86_64-linux-gnu/libm-2.19.so
7f5ce1997000-7f5ce1998000 r--p 00104000 fc:00 267353                     /lib/x86_64-linux-gnu/libm-2.19.so
7f5ce1998000-7f5ce1999000 rw-p 00105000 fc:00 267353                     /lib/x86_64-linux-gnu/libm-2.19.so
7f5ce1999000-7f5ce1a7f000 r-xp 00000000 fc:00 12524                      /usr/lib/x86_64-linux-gnu/libstdc++.so.6.0.19
7f5ce1a7f000-7f5ce1c7e000 ---p 000e6000 fc:00 12524                      /usr/lib/x86_64-linux-gnu/libstdc++.so.6.0.19
7f5ce1c7e000-7f5ce1c86000 r--p 000e5000 fc:00 12524                      /usr/lib/x86_64-linux-gnu/libstdc++.so.6.0.19
7f5ce1c86000-7f5ce1c88000 rw-p 000ed000 fc:00 12524                      /usr/lib/x86_64-linux-gnu/libstdc++.so.6.0.19
7f5ce1c88000-7f5ce1c9d000 rw-p 00000000 00:00 0 
7f5ce1c9d000-7f5ce27c2000 r-xp 00000000 fc:00 84467                      /usr/lib/jvm/java-7-openjdk-amd64/jre/lib/amd64/server/libjvm.so
7f5ce27c2000-7f5ce29c2000 ---p 00b25000 fc:00 84467                      /usr/lib/jvm/java-7-openjdk-amd64/jre/lib/amd64/server/libjvm.so
7f5ce29c2000-7f5ce2a5c000 r--p 00b25000 fc:00 84467                      /usr/lib/jvm/java-7-openjdk-amd64/jre/lib/amd64/server/libjvm.so
7f5ce2a5c000-7f5ce2a7f000 rw-p 00bbf000 fc:00 84467                      /usr/lib/jvm/java-7-openjdk-amd64/jre/lib/amd64/server/libjvm.so
7f5ce2a7f000-7f5ce2aae000 rw-p 00000000 00:00 0 
7f5ce2aae000-7f5ce2ac6000 r-xp 00000000 fc:00 267466                     /lib/x86_64-linux-gnu/libz.so.1.2.8
7f5ce2ac6000-7f5ce2cc5000 ---p 00018000 fc:00 267466                     /lib/x86_64-linux-gnu/libz.so.1.2.8
7f5ce2cc5000-7f5ce2cc6000 r--p 00017000 fc:00 267466                     /lib/x86_64-linux-gnu/libz.so.1.2.8
7f5ce2cc6000-7f5ce2cc7000 rw-p 00018000 fc:00 267466                     /lib/x86_64-linux-gnu/libz.so.1.2.8
7f5ce2cc7000-7f5ce2ce0000 r-xp 00000000 fc:00 267423                     /lib/x86_64-linux-gnu/libpthread-2.19.so
7f5ce2ce0000-7f5ce2edf000 ---p 00019000 fc:00 267423                     /lib/x86_64-linux-gnu/libpthread-2.19.so
7f5ce2edf000-7f5ce2ee0000 r--p 00018000 fc:00 267423                     /lib/x86_64-linux-gnu/libpthread-2.19.so
7f5ce2ee0000-7f5ce2ee1000 rw-p 00019000 fc:00 267423                     /lib/x86_64-linux-gnu/libpthread-2.19.so
7f5ce2ee1000-7f5ce2ee5000 rw-p 00000000 00:00 0 
7f5ce2ee5000-7f5ce2ee8000 r-xp 00000000 fc:00 267320                     /lib/x86_64-linux-gnu/libdl-2.19.so
7f5ce2ee8000-7f5ce30e7000 ---p 00003000 fc:00 267320                     /lib/x86_64-linux-gnu/libdl-2.19.so
7f5ce30e7000-7f5ce30e8000 r--p 00002000 fc:00 267320                     /lib/x86_64-linux-gnu/libdl-2.19.so
7f5ce30e8000-7f5ce30e9000 rw-p 00003000 fc:00 267320                     /lib/x86_64-linux-gnu/libdl-2.19.so
7f5ce30e9000-7f5ce32a4000 r-xp 00000000 fc:00 267303                     /lib/x86_64-linux-gnu/libc-2.19.so
7f5ce32a4000-7f5ce34a3000 ---p 001bb000 fc:00 267303                     /lib/x86_64-linux-gnu/libc-2.19.so
7f5ce34a3000-7f5ce34a7000 r--p 001ba000 fc:00 267303                     /lib/x86_64-linux-gnu/libc-2.19.so
7f5ce34a7000-7f5ce34a9000 rw-p 001be000 fc:00 267303                     /lib/x86_64-linux-gnu/libc-2.19.so
7f5ce34a9000-7f5ce34ae000 rw-p 00000000 00:00 0 
7f5ce34ae000-7f5ce34bb000 r-xp 00000000 fc:00 84482                      /usr/lib/jvm/java-7-openjdk-amd64/jre/lib/amd64/jli/libjli.so
7f5ce34bb000-7f5ce36ba000 ---p 0000d000 fc:00 84482                      /usr/lib/jvm/java-7-openjdk-amd64/jre/lib/amd64/jli/libjli.so
7f5ce36ba000-7f5ce36bb000 r--p 0000c000 fc:00 84482                      /usr/lib/jvm/java-7-openjdk-amd64/jre/lib/amd64/jli/libjli.so
7f5ce36bb000-7f5ce36bc000 rw-p 0000d000 fc:00 84482                      /usr/lib/jvm/java-7-openjdk-amd64/jre/lib/amd64/jli/libjli.so
7f5ce36bc000-7f5ce36df000 r-xp 00000000 fc:00 267279                     /lib/x86_64-linux-gnu/ld-2.19.so
7f5ce3701000-7f5ce370b000 rw-p 00000000 00:00 0 
7f5ce370b000-7f5ce37c1000 rw-p 00000000 00:00 0 
7f5ce37c1000-7f5ce37c4000 ---p 00000000 00:00 0 
7f5ce37c4000-7f5ce38c7000 rw-p 00000000 00:00 0                          [stack:28639]
7f5ce38d0000-7f5ce38d2000 rw-p 00000000 00:00 0 
7f5ce38d2000-7f5ce38da000 rw-s 00000000 fc:00 56527                      /tmp/hsperfdata_lacra/28638
7f5ce38da000-7f5ce38db000 rw-p 00000000 00:00 0 
7f5ce38db000-7f5ce38dc000 r--p 00000000 00:00 0 
7f5ce38dc000-7f5ce38de000 rw-p 00000000 00:00 0 
7f5ce38de000-7f5ce38df000 r--p 00022000 fc:00 267279                     /lib/x86_64-linux-gnu/ld-2.19.so
7f5ce38df000-7f5ce38e0000 rw-p 00023000 fc:00 267279                     /lib/x86_64-linux-gnu/ld-2.19.so
7f5ce38e0000-7f5ce38e1000 rw-p 00000000 00:00 0 
7fffeccb1000-7fffeccd3000 rw-p 00000000 00:00 0                          [stack]
7fffecd5d000-7fffecd5f000 r--p 00000000 00:00 0                          [vvar]
7fffecd5f000-7fffecd61000 r-xp 00000000 00:00 0                          [vdso]
ffffffffff600000-ffffffffff601000 r-xp 00000000 00:00 0                  [vsyscall]

VM Arguments:
jvm_args: -Xmx2G 
java_command: org.PTAG2EF
Launcher Type: SUN_STANDARD

Environment Variables:
PATH=/home/lacra/bin:/usr/local/sbin:/usr/local/bin:/usr/sbin:/usr/bin:/sbin:/bin:/usr/games:/usr/local/games:/home/lacra/tools/lib/:/home/lacra/tools/bin/
LD_LIBRARY_PATH=/urs/local/lib
SHELL=/bin/bash
DISPLAY=:0

Signal Handlers:
SIGSEGV: [libjvm.so+0x9561e0], sa_mask[0]=0x7ffbfeff, sa_flags=0x10000004
SIGBUS: [libjvm.so+0x9561e0], sa_mask[0]=0x7ffbfeff, sa_flags=0x10000004
SIGFPE: [libjvm.so+0x7cc4d0], sa_mask[0]=0x7ffbfeff, sa_flags=0x10000004
SIGPIPE: [libjvm.so+0x7cc4d0], sa_mask[0]=0x7ffbfeff, sa_flags=0x10000004
SIGXFSZ: [libjvm.so+0x7cc4d0], sa_mask[0]=0x7ffbfeff, sa_flags=0x10000004
SIGILL: [libjvm.so+0x7cc4d0], sa_mask[0]=0x7ffbfeff, sa_flags=0x10000004
SIGUSR1: SIG_DFL, sa_mask[0]=0x00000000, sa_flags=0x00000000
SIGUSR2: [libjvm.so+0x7cc370], sa_mask[0]=0x00000004, sa_flags=0x10000004
SIGHUP: SIG_DFL, sa_mask[0]=0x00000000, sa_flags=0x00000000
SIGINT: SIG_DFL, sa_mask[0]=0x00000000, sa_flags=0x00000000
SIGTERM: SIG_DFL, sa_mask[0]=0x00000000, sa_flags=0x00000000
SIGQUIT: SIG_DFL, sa_mask[0]=0x00000000, sa_flags=0x00000000
SIGTRAP: SIG_DFL, sa_mask[0]=0x00000000, sa_flags=0x00000000


---------------  S Y S T E M  ---------------

OS:Ubuntu 14.04 (trusty)
uname:Linux 4.2.0-35-generic #40~14.04.1-Ubuntu SMP Fri Mar 18 16:37:35 UTC 2016 x86_64
libc:glibc 2.19 NPTL 2.19 
rlimit: STACK 8192k, CORE 0k, NPROC 2874, NOFILE 4096, AS infinity
load average:1.17 1.00 0.79

/proc/meminfo:
MemTotal:         758804 kB
MemFree:            6296 kB
MemAvailable:      18908 kB
Buffers:             248 kB
Cached:             9892 kB
SwapCached:          408 kB
Active:           333896 kB
Inactive:         333748 kB
Active(anon):     329200 kB
Inactive(anon):   329504 kB
Active(file):       4696 kB
Inactive(file):     4244 kB
Unevictable:          32 kB
Mlocked:              32 kB
SwapTotal:        782332 kB
SwapFree:              0 kB
Dirty:                 4 kB
Writeback:             0 kB
AnonPages:        657308 kB
Mapped:             7236 kB
Shmem:              1044 kB
Slab:              35984 kB
SReclaimable:      16200 kB
SUnreclaim:        19784 kB
KernelStack:        5968 kB
PageTables:        27992 kB
NFS_Unstable:          0 kB
Bounce:                0 kB
WritebackTmp:          0 kB
CommitLimit:     1161732 kB
Committed_AS:    4199676 kB
VmallocTotal:   34359738367 kB
VmallocUsed:       23288 kB
VmallocChunk:   34359709688 kB
HardwareCorrupted:     0 kB
AnonHugePages:    204800 kB
CmaTotal:              0 kB
CmaFree:               0 kB
HugePages_Total:       0
HugePages_Free:        0
HugePages_Rsvd:        0
HugePages_Surp:        0
Hugepagesize:       2048 kB
DirectMap4k:      106432 kB
DirectMap2M:      679936 kB


CPU:total 1 (1 cores per cpu, 1 threads per core) family 6 model 60 stepping 3, cmov, cx8, fxsr, mmx, sse, sse2, sse3, ssse3, sse4.1, sse4.2, popcnt, avx, aes, tsc, tscinvbit

/proc/cpuinfo:
processor	: 0
vendor_id	: GenuineIntel
cpu family	: 6
model		: 60
model name	: Intel(R) Core(TM) i7-4710MQ CPU @ 2.50GHz
stepping	: 3
cpu MHz		: 2494.234
cache size	: 6144 KB
physical id	: 0
siblings	: 1
core id		: 0
cpu cores	: 1
apicid		: 0
initial apicid	: 0
fpu		: yes
fpu_exception	: yes
cpuid level	: 13
wp		: yes
flags		: fpu vme de pse tsc msr pae mce cx8 apic sep mtrr pge mca cmov pat pse36 clflush mmx fxsr sse sse2 syscall nx rdtscp lm constant_tsc rep_good nopl xtopology nonstop_tsc pni pclmulqdq monitor ssse3 cx16 sse4_1 sse4_2 movbe popcnt aes xsave avx rdrand hypervisor lahf_lm abm
bugs		:
bogomips	: 4988.46
clflush size	: 64
cache_alignment	: 64
address sizes	: 39 bits physical, 48 bits virtual
power management:



Memory: 4k page, physical 758804k(6296k free), swap 782332k(0k free)

vm_info: OpenJDK 64-Bit Server VM (24.95-b01) for linux-amd64 JRE (1.7.0_101-b00), built on Apr 24 2016 20:39:29 by "buildd" with gcc 4.8.2

time: Mon May 23 13:07:33 2016
elapsed time: 0 seconds

